INFO: [VRFC 10-163] Analyzing VHDL file "/home/bimbom/Desktop/reg_file/reg_file.srcs/sources_1/new/add_1b.vhd" into library xil_defaultlib
INFO: [VRFC 10-307] analyzing entity add_1b
INFO: [VRFC 10-163] Analyzing VHDL file "/home/bimbom/Desktop/reg_file/reg_file.srcs/sources_1/new/add_10b.vhd" into library xil_defaultlib
INFO: [VRFC 10-307] analyzing entity add_10b
INFO: [VRFC 10-163] Analyzing VHDL file "/home/bimbom/Desktop/reg_file/reg_file.srcs/sources_1/new/RS_2.vhd" into library xil_defaultlib
INFO: [VRFC 10-307] analyzing entity RS_2
INFO: [VRFC 10-163] Analyzing VHDL file "/home/bimbom/Desktop/reg_file/reg_file.srcs/sources_1/new/add_8b.vhd" into library xil_defaultlib
INFO: [VRFC 10-307] analyzing entity add_8b
INFO: [VRFC 10-163] Analyzing VHDL file "/home/bimbom/Desktop/reg_file/reg_file.srcs/sources_1/new/add_9b.vhd" into library xil_defaultlib
INFO: [VRFC 10-307] analyzing entity add_9b
INFO: [VRFC 10-163] Analyzing VHDL file "/home/bimbom/Desktop/reg_file/reg_file.srcs/sources_1/new/avger.vhd" into library xil_defaultlib
INFO: [VRFC 10-307] analyzing entity avger
INFO: [VRFC 10-163] Analyzing VHDL file "/home/bimbom/Desktop/reg_file/reg_file.srcs/sources_1/new/avger_g.vhd" into library xil_defaultlib
INFO: [VRFC 10-307] analyzing entity avger_g
INFO: [VRFC 10-163] Analyzing VHDL file "/home/bimbom/Desktop/reg_file/reg_file.srcs/sources_1/new/converter.vhd" into library xil_defaultlib
INFO: [VRFC 10-307] analyzing entity converter
INFO: [VRFC 10-163] Analyzing VHDL file "/home/bimbom/Desktop/reg_file/reg_file.srcs/sources_1/new/interp_1_sqrt5_3.vhd" into library xil_defaultlib
INFO: [VRFC 10-307] analyzing entity interp_1_sqrt5_3
INFO: [VRFC 10-163] Analyzing VHDL file "/home/bimbom/Desktop/reg_file/reg_file.srcs/sources_1/new/interpolator.vhd" into library xil_defaultlib
INFO: [VRFC 10-307] analyzing entity interpolator
INFO: [VRFC 10-163] Analyzing VHDL file "/home/bimbom/Desktop/reg_file/reg_file.srcs/sources_1/new/line_counter.vhd" into library xil_defaultlib
INFO: [VRFC 10-307] analyzing entity counter_10b
INFO: [VRFC 10-163] Analyzing VHDL file "/home/bimbom/Desktop/reg_file/reg_file.srcs/sources_1/new/reg_column.vhd" into library xil_defaultlib
INFO: [VRFC 10-307] analyzing entity reg_column
INFO: [VRFC 10-163] Analyzing VHDL file "/home/bimbom/Desktop/reg_file/reg_file.srcs/sources_1/new/reg_file.vhd" into library xil_defaultlib
INFO: [VRFC 10-307] analyzing entity reg_file
INFO: [VRFC 10-163] Analyzing VHDL file "/home/bimbom/Desktop/reg_file/reg_file.srcs/sources_1/imports/new/register_8b.vhd" into library xil_defaultlib
INFO: [VRFC 10-307] analyzing entity register_8b
INFO: [VRFC 10-163] Analyzing VHDL file "/home/bimbom/Desktop/reg_file/reg_file.srcs/sim_1/imports/new/testbench.vhd" into library xil_defaultlib
INFO: [VRFC 10-307] analyzing entity testbench
INFO: [VRFC 10-163] Analyzing VHDL file "/home/bimbom/Desktop/reg_file/reg_file.srcs/sources_1/new/interpolator.vhd" into library xil_defaultlib
INFO: [VRFC 10-307] analyzing entity interpolator
INFO: [VRFC 10-163] Analyzing VHDL file "/home/bimbom/Desktop/reg_file/reg_file.srcs/sources_1/new/line_counter.vhd" into library xil_defaultlib
INFO: [VRFC 10-307] analyzing entity counter_10b
INFO: [VRFC 10-163] Analyzing VHDL file "/home/bimbom/Desktop/reg_file/reg_file.srcs/sources_1/new/interpolator.vhd" into library xil_defaultlib
INFO: [VRFC 10-307] analyzing entity interpolator
