Copyright 1986-2018 Xilinx, Inc. All Rights Reserved.
-------------------------------------------------------------------------------------------------
| Tool Version              : Vivado v.2018.2 (lin64) Build 2258646 Thu Jun 14 20:02:38 MDT 2018
| Date                      : Wed Aug  7 16:51:08 2024
| Host                      : max running 64-bit Debian GNU/Linux 12 (bookworm)
| Command                   : report_io -file interpolator_io_placed.rpt
| Design                    : interpolator
| Device                    : xc7a50t
| Speed File                : -2L
| Package                   : csg325
| Package Version           : FINAL 2014-03-07
| Package Pin Delay Version : VERS. 2.0 2014-03-07
-------------------------------------------------------------------------------------------------

IO Information

Table of Contents
-----------------
1. Summary
2. IO Assignments by Package Pin

1. Summary
----------

+---------------+
| Total User IO |
+---------------+
|            33 |
+---------------+


2. IO Assignments by Package Pin
--------------------------------

+------------+-------------+------------+------------------------------+---------------+-------------+---------+------------+------+---------------------+----------------------+---------+------------+-----------+----------+------+------------------+--------------+-------------------+--------------+
| Pin Number | Signal Name | Bank Type  | Pin Name                     | Use           | IO Standard | IO Bank | Drive (mA) | Slew | On-Chip Termination | Off-Chip Termination | Voltage | Constraint | Pull Type | DQS Bias | Vref | Signal Integrity | Pre Emphasis | Lvds Pre Emphasis | Equalization |
+------------+-------------+------------+------------------------------+---------------+-------------+---------+------------+------+---------------------+----------------------+---------+------------+-----------+----------+------+------------------+--------------+-------------------+--------------+
| A1         |             |            | GND                          | GND           |             |         |            |      |                     |                      |     0.0 |            |           |          |      |                  |              |                   |              |
| A2         |             |            | MGTAVTT                      | Gigabit Power |             |         |            |      |                     |                      |         |            |           |          |      |                  |              |                   |              |
| A3         |             |            | MGTPRXN1_216                 | Gigabit       |             |         |            |      |                     |                      |         |            |           |          |      |                  |              |                   |              |
| A4         |             |            | MGTPRXP1_216                 | Gigabit       |             |         |            |      |                     |                      |         |            |           |          |      |                  |              |                   |              |
| A5         |             |            | GND                          | GND           |             |         |            |      |                     |                      |     0.0 |            |           |          |      |                  |              |                   |              |
| A6         |             |            | MGTRREF_216                  | Gigabit       |             |         |            |      |                     |                      |         |            |           |          |      |                  |              |                   |              |
| A7         |             |            | GND                          | GND           |             |         |            |      |                     |                      |     0.0 |            |           |          |      |                  |              |                   |              |
| A8         |             |            | GND                          | GND           |             |         |            |      |                     |                      |     0.0 |            |           |          |      |                  |              |                   |              |
| A9         | D_OUT[5]    | High Range | IO_L3N_T0_DQS_AD1N_15        | TRISTATE      | LVCMOS18    |      15 |         12 | SLOW |                     |            FP_VTT_50 |         | FIXED      |           |          |      | NONE             |              |                   |              |
| A10        | D_OUT[9]    | High Range | IO_L5N_T0_AD9N_15            | TRISTATE      | LVCMOS18    |      15 |         12 | SLOW |                     |            FP_VTT_50 |         | FIXED      |           |          |      | NONE             |              |                   |              |
| A11        |             |            | GND                          | GND           |             |         |            |      |                     |                      |     0.0 |            |           |          |      |                  |              |                   |              |
| A12        | D_OUT[13]   | High Range | IO_L7N_T1_AD2N_15            | TRISTATE      | LVCMOS18    |      15 |         12 | SLOW |                     |            FP_VTT_50 |         | FIXED      |           |          |      | NONE             |              |                   |              |
| A13        | D_OUT[14]   | High Range | IO_L8P_T1_AD10P_15           | TRISTATE      | LVCMOS18    |      15 |         12 | SLOW |                     |            FP_VTT_50 |         | FIXED      |           |          |      | NONE             |              |                   |              |
| A14        | D_OUT[15]   | High Range | IO_L8N_T1_AD10N_15           | TRISTATE      | LVCMOS18    |      15 |         12 | SLOW |                     |            FP_VTT_50 |         | FIXED      |           |          |      | NONE             |              |                   |              |
| A15        | D_OUT[19]   | High Range | IO_L10N_T1_AD11N_15          | TRISTATE      | LVCMOS18    |      15 |         12 | SLOW |                     |            FP_VTT_50 |         | FIXED      |           |          |      | NONE             |              |                   |              |
| A16        |             | High Range | VCCO_15                      | VCCO          |             |      15 |            |      |                     |                      |    1.80 |            |           |          |      |                  |              |                   |              |
| A17        |             | High Range | IO_L15N_T2_DQS_ADV_B_15      | User IO       |             |      15 |            |      |                     |                      |         |            |           |          |      |                  |              |                   |              |
| A18        |             |            | GND                          | GND           |             |         |            |      |                     |                      |     0.0 |            |           |          |      |                  |              |                   |              |
| B1         |             |            | MGTPTXN3_216                 | Gigabit       |             |         |            |      |                     |                      |         |            |           |          |      |                  |              |                   |              |
| B2         |             |            | MGTPTXP3_216                 | Gigabit       |             |         |            |      |                     |                      |         |            |           |          |      |                  |              |                   |              |
| B3         |             |            | GND                          | GND           |             |         |            |      |                     |                      |     0.0 |            |           |          |      |                  |              |                   |              |
| B4         |             |            | MGTAVCC                      | Gigabit Power |             |         |            |      |                     |                      |         |            |           |          |      |                  |              |                   |              |
| B5         |             |            | MGTREFCLK1N_216              | Gigabit       |             |         |            |      |                     |                      |         |            |           |          |      |                  |              |                   |              |
| B6         |             |            | MGTREFCLK1P_216              | Gigabit       |             |         |            |      |                     |                      |         |            |           |          |      |                  |              |                   |              |
| B7         |             |            | GND                          | GND           |             |         |            |      |                     |                      |     0.0 |            |           |          |      |                  |              |                   |              |
| B8         |             |            | GND                          | GND           |             |         |            |      |                     |                      |     0.0 |            |           |          |      |                  |              |                   |              |
| B9         | D_OUT[4]    | High Range | IO_L3P_T0_DQS_AD1P_15        | TRISTATE      | LVCMOS18    |      15 |         12 | SLOW |                     |            FP_VTT_50 |         | FIXED      |           |          |      | NONE             |              |                   |              |
| B10        | D_OUT[8]    | High Range | IO_L5P_T0_AD9P_15            | TRISTATE      | LVCMOS18    |      15 |         12 | SLOW |                     |            FP_VTT_50 |         | FIXED      |           |          |      | NONE             |              |                   |              |
| B11        | D_OUT[7]    | High Range | IO_L4N_T0_15                 | TRISTATE      | LVCMOS18    |      15 |         12 | SLOW |                     |            FP_VTT_50 |         | FIXED      |           |          |      | NONE             |              |                   |              |
| B12        | D_OUT[12]   | High Range | IO_L7P_T1_AD2P_15            | TRISTATE      | LVCMOS18    |      15 |         12 | SLOW |                     |            FP_VTT_50 |         | FIXED      |           |          |      | NONE             |              |                   |              |
| B13        |             | High Range | VCCO_15                      | VCCO          |             |      15 |            |      |                     |                      |    1.80 |            |           |          |      |                  |              |                   |              |
| B14        | D_OUT[18]   | High Range | IO_L10P_T1_AD11P_15          | TRISTATE      | LVCMOS18    |      15 |         12 | SLOW |                     |            FP_VTT_50 |         | FIXED      |           |          |      | NONE             |              |                   |              |
| B15        | D_OUT[17]   | High Range | IO_L9N_T1_DQS_AD3N_15        | TRISTATE      | LVCMOS18    |      15 |         12 | SLOW |                     |            FP_VTT_50 |         | FIXED      |           |          |      | NONE             |              |                   |              |
| B16        |             | High Range | IO_L15P_T2_DQS_15            | User IO       |             |      15 |            |      |                     |                      |         |            |           |          |      |                  |              |                   |              |
| B17        |             | High Range | IO_L16N_T2_A27_15            | User IO       |             |      15 |            |      |                     |                      |         |            |           |          |      |                  |              |                   |              |
| B18        |             |            | GND                          | GND           |             |         |            |      |                     |                      |     0.0 |            |           |          |      |                  |              |                   |              |
| C1         |             |            | MGTAVTT                      | Gigabit Power |             |         |            |      |                     |                      |         |            |           |          |      |                  |              |                   |              |
| C2         |             |            | GND                          | GND           |             |         |            |      |                     |                      |     0.0 |            |           |          |      |                  |              |                   |              |
| C3         |             |            | MGTPRXN2_216                 | Gigabit       |             |         |            |      |                     |                      |         |            |           |          |      |                  |              |                   |              |
| C4         |             |            | MGTPRXP2_216                 | Gigabit       |             |         |            |      |                     |                      |         |            |           |          |      |                  |              |                   |              |
| C5         |             |            | MGTAVCC                      | Gigabit Power |             |         |            |      |                     |                      |         |            |           |          |      |                  |              |                   |              |
| C6         |             |            | GND                          | GND           |             |         |            |      |                     |                      |     0.0 |            |           |          |      |                  |              |                   |              |
| C7         |             |            | GND                          | GND           |             |         |            |      |                     |                      |     0.0 |            |           |          |      |                  |              |                   |              |
| C8         | D_OUT[1]    | High Range | IO_L1N_T0_AD0N_15            | TRISTATE      | LVCMOS18    |      15 |         12 | SLOW |                     |            FP_VTT_50 |         | FIXED      |           |          |      | NONE             |              |                   |              |
| C9         | D_OUT[3]    | High Range | IO_L2N_T0_AD8N_15            | TRISTATE      | LVCMOS18    |      15 |         12 | SLOW |                     |            FP_VTT_50 |         | FIXED      |           |          |      | NONE             |              |                   |              |
| C10        |             | High Range | VCCO_15                      | VCCO          |             |      15 |            |      |                     |                      |    1.80 |            |           |          |      |                  |              |                   |              |
| C11        | D_OUT[6]    | High Range | IO_L4P_T0_15                 | TRISTATE      | LVCMOS18    |      15 |         12 | SLOW |                     |            FP_VTT_50 |         | FIXED      |           |          |      | NONE             |              |                   |              |
| C12        | D_OUT[11]   | High Range | IO_L6N_T0_VREF_15            | TRISTATE      | LVCMOS18    |      15 |         12 | SLOW |                     |            FP_VTT_50 |         | FIXED      |           |          |      | NONE             |              |                   |              |
| C13        | D_OUT[21]   | High Range | IO_L11N_T1_SRCC_15           | TRISTATE      | LVCMOS18    |      15 |         12 | SLOW |                     |            FP_VTT_50 |         | FIXED      |           |          |      | NONE             |              |                   |              |
| C14        | D_OUT[16]   | High Range | IO_L9P_T1_DQS_AD3P_15        | TRISTATE      | LVCMOS18    |      15 |         12 | SLOW |                     |            FP_VTT_50 |         | FIXED      |           |          |      | NONE             |              |                   |              |
| C15        |             |            | GND                          | GND           |             |         |            |      |                     |                      |     0.0 |            |           |          |      |                  |              |                   |              |
| C16        |             | High Range | IO_L16P_T2_A28_15            | User IO       |             |      15 |            |      |                     |                      |         |            |           |          |      |                  |              |                   |              |
| C17        |             | High Range | IO_L18P_T2_A24_15            | User IO       |             |      15 |            |      |                     |                      |         |            |           |          |      |                  |              |                   |              |
| C18        |             | High Range | IO_L18N_T2_A23_15            | User IO       |             |      15 |            |      |                     |                      |         |            |           |          |      |                  |              |                   |              |
| D1         |             |            | MGTPTXN2_216                 | Gigabit       |             |         |            |      |                     |                      |         |            |           |          |      |                  |              |                   |              |
| D2         |             |            | MGTPTXP2_216                 | Gigabit       |             |         |            |      |                     |                      |         |            |           |          |      |                  |              |                   |              |
| D3         |             |            | GND                          | GND           |             |         |            |      |                     |                      |     0.0 |            |           |          |      |                  |              |                   |              |
| D4         |             |            | GND                          | GND           |             |         |            |      |                     |                      |     0.0 |            |           |          |      |                  |              |                   |              |
| D5         |             |            | MGTREFCLK0N_216              | Gigabit       |             |         |            |      |                     |                      |         |            |           |          |      |                  |              |                   |              |
| D6         |             |            | MGTREFCLK0P_216              | Gigabit       |             |         |            |      |                     |                      |         |            |           |          |      |                  |              |                   |              |
| D7         |             |            | GND                          | GND           |             |         |            |      |                     |                      |     0.0 |            |           |          |      |                  |              |                   |              |
| D8         | D_OUT[0]    | High Range | IO_L1P_T0_AD0P_15            | TRISTATE      | LVCMOS18    |      15 |         12 | SLOW |                     |            FP_VTT_50 |         | FIXED      |           |          |      | NONE             |              |                   |              |
| D9         | D_OUT[2]    | High Range | IO_L2P_T0_AD8P_15            | TRISTATE      | LVCMOS18    |      15 |         12 | SLOW |                     |            FP_VTT_50 |         | FIXED      |           |          |      | NONE             |              |                   |              |
| D10        |             | High Range | IO_0_15                      | User IO       |             |      15 |            |      |                     |                      |         |            |           |          |      |                  |              |                   |              |
| D11        | D_OUT[10]   | High Range | IO_L6P_T0_15                 | TRISTATE      | LVCMOS18    |      15 |         12 | SLOW |                     |            FP_VTT_50 |         | FIXED      |           |          |      | NONE             |              |                   |              |
| D12        |             |            | GND                          | GND           |             |         |            |      |                     |                      |     0.0 |            |           |          |      |                  |              |                   |              |
| D13        | D_OUT[20]   | High Range | IO_L11P_T1_SRCC_15           | TRISTATE      | LVCMOS18    |      15 |         12 | SLOW |                     |            FP_VTT_50 |         | FIXED      |           |          |      | NONE             |              |                   |              |
| D14        | D_OUT[23]   | High Range | IO_L12N_T1_MRCC_15           | TRISTATE      | LVCMOS18    |      15 |         12 | SLOW |                     |            FP_VTT_50 |         | FIXED      |           |          |      | NONE             |              |                   |              |
| D15        |             | High Range | IO_L13N_T2_MRCC_15           | User IO       |             |      15 |            |      |                     |                      |         |            |           |          |      |                  |              |                   |              |
| D16        |             | High Range | IO_L14N_T2_SRCC_15           | User IO       |             |      15 |            |      |                     |                      |         |            |           |          |      |                  |              |                   |              |
| D17        |             | High Range | VCCO_15                      | VCCO          |             |      15 |            |      |                     |                      |    1.80 |            |           |          |      |                  |              |                   |              |
| D18        |             | High Range | IO_L17N_T2_A25_15            | User IO       |             |      15 |            |      |                     |                      |         |            |           |          |      |                  |              |                   |              |
| E1         |             |            | MGTAVTT                      | Gigabit Power |             |         |            |      |                     |                      |         |            |           |          |      |                  |              |                   |              |
| E2         |             |            | GND                          | GND           |             |         |            |      |                     |                      |     0.0 |            |           |          |      |                  |              |                   |              |
| E3         |             |            | MGTPRXN0_216                 | Gigabit       |             |         |            |      |                     |                      |         |            |           |          |      |                  |              |                   |              |
| E4         |             |            | MGTPRXP0_216                 | Gigabit       |             |         |            |      |                     |                      |         |            |           |          |      |                  |              |                   |              |
| E5         |             |            | MGTAVCC                      | Gigabit Power |             |         |            |      |                     |                      |         |            |           |          |      |                  |              |                   |              |
| E6         |             |            | GND                          | GND           |             |         |            |      |                     |                      |     0.0 |            |           |          |      |                  |              |                   |              |
| E7         |             |            | GND                          | GND           |             |         |            |      |                     |                      |     0.0 |            |           |          |      |                  |              |                   |              |
| E8         |             | Dedicated  | CCLK_0                       | Config        |             |       0 |            |      |                     |                      |         |            |           |          |      |                  |              |                   |              |
| E9         |             |            | GND                          | GND           |             |         |            |      |                     |                      |     0.0 |            |           |          |      |                  |              |                   |              |
| E10        |             | Dedicated  | VCCO_0                       | VCCO          |             |       0 |            |      |                     |                      |    1.80 |            |           |          |      |                  |              |                   |              |
| E11        |             | Dedicated  | VCCBATT_0                    | Config        |             |       0 |            |      |                     |                      |         |            |           |          |      |                  |              |                   |              |
| E12        |             | Dedicated  | CFGBVS_0                     | Config        |             |       0 |            |      |                     |                      |     0.0 |            |           |          |      |                  |              |                   |              |
| E13        | D_OUT[22]   | High Range | IO_L12P_T1_MRCC_15           | TRISTATE      | LVCMOS18    |      15 |         12 | SLOW |                     |            FP_VTT_50 |         | FIXED      |           |          |      | NONE             |              |                   |              |
| E14        |             | High Range | VCCO_15                      | VCCO          |             |      15 |            |      |                     |                      |    1.80 |            |           |          |      |                  |              |                   |              |
| E15        |             | High Range | IO_L13P_T2_MRCC_15           | User IO       |             |      15 |            |      |                     |                      |         |            |           |          |      |                  |              |                   |              |
| E16        |             | High Range | IO_L14P_T2_SRCC_15           | User IO       |             |      15 |            |      |                     |                      |         |            |           |          |      |                  |              |                   |              |
| E17        |             | High Range | IO_L17P_T2_A26_15            | User IO       |             |      15 |            |      |                     |                      |         |            |           |          |      |                  |              |                   |              |
| E18        |             | High Range | IO_L24N_T3_RS0_15            | User IO       |             |      15 |            |      |                     |                      |         |            |           |          |      |                  |              |                   |              |
| F1         |             |            | MGTPTXN1_216                 | Gigabit       |             |         |            |      |                     |                      |         |            |           |          |      |                  |              |                   |              |
| F2         |             |            | MGTPTXP1_216                 | Gigabit       |             |         |            |      |                     |                      |         |            |           |          |      |                  |              |                   |              |
| F3         |             |            | MGTAVTT                      | Gigabit Power |             |         |            |      |                     |                      |         |            |           |          |      |                  |              |                   |              |
| F4         |             |            | GND                          | GND           |             |         |            |      |                     |                      |     0.0 |            |           |          |      |                  |              |                   |              |
| F5         |             |            | MGTAVCC                      | Gigabit Power |             |         |            |      |                     |                      |         |            |           |          |      |                  |              |                   |              |
| F6         |             |            | GND                          | GND           |             |         |            |      |                     |                      |     0.0 |            |           |          |      |                  |              |                   |              |
| F7         |             |            | VCCINT                       | VCCINT        |             |         |            |      |                     |                      |         |            |           |          |      |                  |              |                   |              |
| F8         |             | Dedicated  | TCK_0                        | Config        |             |       0 |            |      |                     |                      |         |            |           |          |      |                  |              |                   |              |
| F9         |             |            | VCCINT                       | VCCINT        |             |         |            |      |                     |                      |         |            |           |          |      |                  |              |                   |              |
| F10        |             |            | GND                          | GND           |             |         |            |      |                     |                      |     0.0 |            |           |          |      |                  |              |                   |              |
| F11        |             |            | VCCBRAM                      | VCCBRAM       |             |         |            |      |                     |                      |         |            |           |          |      |                  |              |                   |              |
| F12        |             | Dedicated  | DONE_0                       | Config        |             |       0 |            |      |                     |                      |         |            |           |          |      |                  |              |                   |              |
| F13        |             | Dedicated  | M2_0                         | Config        |             |       0 |            |      |                     |                      |         |            |           |          |      |                  |              |                   |              |
| F14        |             | High Range | IO_L22N_T3_A16_15            | User IO       |             |      15 |            |      |                     |                      |         |            |           |          |      |                  |              |                   |              |
| F15        |             | High Range | IO_L21N_T3_DQS_A18_15        | User IO       |             |      15 |            |      |                     |                      |         |            |           |          |      |                  |              |                   |              |
| F16        |             |            | GND                          | GND           |             |         |            |      |                     |                      |     0.0 |            |           |          |      |                  |              |                   |              |
| F17        |             | High Range | IO_L24P_T3_RS1_15            | User IO       |             |      15 |            |      |                     |                      |         |            |           |          |      |                  |              |                   |              |
| F18        |             | High Range | IO_L19N_T3_A21_VREF_15       | User IO       |             |      15 |            |      |                     |                      |         |            |           |          |      |                  |              |                   |              |
| G1         |             |            | GND                          | GND           |             |         |            |      |                     |                      |     0.0 |            |           |          |      |                  |              |                   |              |
| G2         |             |            | MGTAVTT                      | Gigabit Power |             |         |            |      |                     |                      |         |            |           |          |      |                  |              |                   |              |
| G3         |             |            | MGTPRXN3_216                 | Gigabit       |             |         |            |      |                     |                      |         |            |           |          |      |                  |              |                   |              |
| G4         |             |            | MGTPRXP3_216                 | Gigabit       |             |         |            |      |                     |                      |         |            |           |          |      |                  |              |                   |              |
| G5         |             |            | GND                          | GND           |             |         |            |      |                     |                      |     0.0 |            |           |          |      |                  |              |                   |              |
| G6         |             |            | GND                          | GND           |             |         |            |      |                     |                      |     0.0 |            |           |          |      |                  |              |                   |              |
| G7         |             |            | GND                          | GND           |             |         |            |      |                     |                      |     0.0 |            |           |          |      |                  |              |                   |              |
| G8         |             |            | VCCINT                       | VCCINT        |             |         |            |      |                     |                      |         |            |           |          |      |                  |              |                   |              |
| G9         |             |            | GND                          | GND           |             |         |            |      |                     |                      |     0.0 |            |           |          |      |                  |              |                   |              |
| G10        |             |            | VCCBRAM                      | VCCBRAM       |             |         |            |      |                     |                      |         |            |           |          |      |                  |              |                   |              |
| G11        |             |            | GND                          | GND           |             |         |            |      |                     |                      |     0.0 |            |           |          |      |                  |              |                   |              |
| G12        |             |            | VCCAUX                       | VCCAUX        |             |         |            |      |                     |                      |    1.80 |            |           |          |      |                  |              |                   |              |
| G13        |             |            | GND                          | GND           |             |         |            |      |                     |                      |     0.0 |            |           |          |      |                  |              |                   |              |
| G14        |             | High Range | IO_L22P_T3_A17_15            | User IO       |             |      15 |            |      |                     |                      |         |            |           |          |      |                  |              |                   |              |
| G15        |             | High Range | IO_L21P_T3_DQS_15            | User IO       |             |      15 |            |      |                     |                      |         |            |           |          |      |                  |              |                   |              |
| G16        |             | High Range | IO_L20N_T3_A19_15            | User IO       |             |      15 |            |      |                     |                      |         |            |           |          |      |                  |              |                   |              |
| G17        |             | High Range | IO_L19P_T3_A22_15            | User IO       |             |      15 |            |      |                     |                      |         |            |           |          |      |                  |              |                   |              |
| G18        |             | High Range | VCCO_15                      | VCCO          |             |      15 |            |      |                     |                      |    1.80 |            |           |          |      |                  |              |                   |              |
| H1         |             |            | MGTPTXN0_216                 | Gigabit       |             |         |            |      |                     |                      |         |            |           |          |      |                  |              |                   |              |
| H2         |             |            | MGTPTXP0_216                 | Gigabit       |             |         |            |      |                     |                      |         |            |           |          |      |                  |              |                   |              |
| H3         |             |            | GND                          | GND           |             |         |            |      |                     |                      |     0.0 |            |           |          |      |                  |              |                   |              |
| H4         |             |            | GND                          | GND           |             |         |            |      |                     |                      |     0.0 |            |           |          |      |                  |              |                   |              |
| H5         |             |            | GND                          | GND           |             |         |            |      |                     |                      |     0.0 |            |           |          |      |                  |              |                   |              |
| H6         |             |            | GND                          | GND           |             |         |            |      |                     |                      |     0.0 |            |           |          |      |                  |              |                   |              |
| H7         |             |            | VCCINT                       | VCCINT        |             |         |            |      |                     |                      |         |            |           |          |      |                  |              |                   |              |
| H8         |             |            | GND                          | GND           |             |         |            |      |                     |                      |     0.0 |            |           |          |      |                  |              |                   |              |
| H9         |             |            | VCCINT                       | VCCINT        |             |         |            |      |                     |                      |         |            |           |          |      |                  |              |                   |              |
| H10        |             |            | GND                          | GND           |             |         |            |      |                     |                      |     0.0 |            |           |          |      |                  |              |                   |              |
| H11        |             |            | VCCBRAM                      | VCCBRAM       |             |         |            |      |                     |                      |         |            |           |          |      |                  |              |                   |              |
| H12        |             |            | GND                          | GND           |             |         |            |      |                     |                      |     0.0 |            |           |          |      |                  |              |                   |              |
| H13        |             |            | VCCAUX                       | VCCAUX        |             |         |            |      |                     |                      |    1.80 |            |           |          |      |                  |              |                   |              |
| H14        |             | High Range | IO_25_15                     | User IO       |             |      15 |            |      |                     |                      |         |            |           |          |      |                  |              |                   |              |
| H15        |             | High Range | VCCO_15                      | VCCO          |             |      15 |            |      |                     |                      |    1.80 |            |           |          |      |                  |              |                   |              |
| H16        |             | High Range | IO_L20P_T3_A20_15            | User IO       |             |      15 |            |      |                     |                      |         |            |           |          |      |                  |              |                   |              |
| H17        |             | High Range | IO_L23P_T3_FOE_B_15          | User IO       |             |      15 |            |      |                     |                      |         |            |           |          |      |                  |              |                   |              |
| H18        |             | High Range | IO_L23N_T3_FWE_B_15          | User IO       |             |      15 |            |      |                     |                      |         |            |           |          |      |                  |              |                   |              |
| J1         |             |            | GND                          | GND           |             |         |            |      |                     |                      |     0.0 |            |           |          |      |                  |              |                   |              |
| J2         |             |            | GND                          | GND           |             |         |            |      |                     |                      |     0.0 |            |           |          |      |                  |              |                   |              |
| J3         |             |            | GND                          | GND           |             |         |            |      |                     |                      |     0.0 |            |           |          |      |                  |              |                   |              |
| J4         |             | High Range | IO_L2N_T0_34                 | User IO       |             |      34 |            |      |                     |                      |         |            |           |          |      |                  |              |                   |              |
| J5         |             | High Range | IO_L2P_T0_34                 | User IO       |             |      34 |            |      |                     |                      |         |            |           |          |      |                  |              |                   |              |
| J6         |             | High Range | IO_0_34                      | User IO       |             |      34 |            |      |                     |                      |         |            |           |          |      |                  |              |                   |              |
| J7         |             |            | GND                          | GND           |             |         |            |      |                     |                      |     0.0 |            |           |          |      |                  |              |                   |              |
| J8         |             |            | VCCINT                       | VCCINT        |             |         |            |      |                     |                      |         |            |           |          |      |                  |              |                   |              |
| J9         |             | Dedicated  | GNDADC_0                     | XADC          |             |       0 |            |      |                     |                      |         |            |           |          |      |                  |              |                   |              |
| J10        |             | Dedicated  | VCCADC_0                     | XADC          |             |       0 |            |      |                     |                      |         |            |           |          |      |                  |              |                   |              |
| J11        |             |            | GND                          | GND           |             |         |            |      |                     |                      |     0.0 |            |           |          |      |                  |              |                   |              |
| J12        |             |            | VCCINT                       | VCCINT        |             |         |            |      |                     |                      |         |            |           |          |      |                  |              |                   |              |
| J13        |             |            | GND                          | GND           |             |         |            |      |                     |                      |     0.0 |            |           |          |      |                  |              |                   |              |
| J14        |             | High Range | IO_L5P_T0_D06_14             | User IO       |             |      14 |            |      |                     |                      |         |            |           |          |      |                  |              |                   |              |
| J15        |             | High Range | IO_L2P_T0_D02_14             | User IO       |             |      14 |            |      |                     |                      |         |            |           |          |      |                  |              |                   |              |
| J16        |             | High Range | IO_L2N_T0_D03_14             | User IO       |             |      14 |            |      |                     |                      |         |            |           |          |      |                  |              |                   |              |
| J17        |             |            | GND                          | GND           |             |         |            |      |                     |                      |     0.0 |            |           |          |      |                  |              |                   |              |
| J18        |             | High Range | IO_L3P_T0_DQS_PUDC_B_14      | User IO       |             |      14 |            |      |                     |                      |         |            |           |          |      |                  |              |                   |              |
| K1         |             | High Range | IO_L3N_T0_DQS_34             | User IO       |             |      34 |            |      |                     |                      |         |            |           |          |      |                  |              |                   |              |
| K2         |             | High Range | IO_L3P_T0_DQS_34             | User IO       |             |      34 |            |      |                     |                      |         |            |           |          |      |                  |              |                   |              |
| K3         |             | High Range | IO_L4P_T0_34                 | User IO       |             |      34 |            |      |                     |                      |         |            |           |          |      |                  |              |                   |              |
| K4         |             |            | GND                          | GND           |             |         |            |      |                     |                      |     0.0 |            |           |          |      |                  |              |                   |              |
| K5         |             | High Range | IO_L1N_T0_34                 | User IO       |             |      34 |            |      |                     |                      |         |            |           |          |      |                  |              |                   |              |
| K6         |             | High Range | IO_L1P_T0_34                 | User IO       |             |      34 |            |      |                     |                      |         |            |           |          |      |                  |              |                   |              |
| K7         |             |            | VCCINT                       | VCCINT        |             |         |            |      |                     |                      |         |            |           |          |      |                  |              |                   |              |
| K8         |             |            | GND                          | GND           |             |         |            |      |                     |                      |     0.0 |            |           |          |      |                  |              |                   |              |
| K9         |             | Dedicated  | VREFN_0                      | XADC          |             |       0 |            |      |                     |                      |         |            |           |          |      |                  |              |                   |              |
| K10        |             | Dedicated  | VP_0                         | XADC          |             |       0 |            |      |                     |                      |         |            |           |          |      |                  |              |                   |              |
| K11        |             |            | VCCINT                       | VCCINT        |             |         |            |      |                     |                      |         |            |           |          |      |                  |              |                   |              |
| K12        |             |            | GND                          | GND           |             |         |            |      |                     |                      |     0.0 |            |           |          |      |                  |              |                   |              |
| K13        |             |            | VCCAUX                       | VCCAUX        |             |         |            |      |                     |                      |    1.80 |            |           |          |      |                  |              |                   |              |
| K14        |             |            | GND                          | GND           |             |         |            |      |                     |                      |     0.0 |            |           |          |      |                  |              |                   |              |
| K15        |             | High Range | IO_L5N_T0_D07_14             | User IO       |             |      14 |            |      |                     |                      |         |            |           |          |      |                  |              |                   |              |
| K16        |             | High Range | IO_L1P_T0_D00_MOSI_14        | User IO       |             |      14 |            |      |                     |                      |         |            |           |          |      |                  |              |                   |              |
| K17        |             | High Range | IO_L4P_T0_D04_14             | User IO       |             |      14 |            |      |                     |                      |         |            |           |          |      |                  |              |                   |              |
| K18        |             | High Range | IO_L3N_T0_DQS_EMCCLK_14      | User IO       |             |      14 |            |      |                     |                      |         |            |           |          |      |                  |              |                   |              |
| L1         |             |            | GND                          | GND           |             |         |            |      |                     |                      |     0.0 |            |           |          |      |                  |              |                   |              |
| L2         |             | High Range | IO_L4N_T0_34                 | User IO       |             |      34 |            |      |                     |                      |         |            |           |          |      |                  |              |                   |              |
| L3         |             | High Range | IO_L5N_T0_34                 | User IO       |             |      34 |            |      |                     |                      |         |            |           |          |      |                  |              |                   |              |
| L4         |             | High Range | IO_L5P_T0_34                 | User IO       |             |      34 |            |      |                     |                      |         |            |           |          |      |                  |              |                   |              |
| L5         |             | High Range | IO_L6P_T0_34                 | User IO       |             |      34 |            |      |                     |                      |         |            |           |          |      |                  |              |                   |              |
| L6         |             | High Range | VCCO_34                      | VCCO          |             |      34 |            |      |                     |                      |    3.30 |            |           |          |      |                  |              |                   |              |
| L7         |             |            | GND                          | GND           |             |         |            |      |                     |                      |     0.0 |            |           |          |      |                  |              |                   |              |
| L8         |             |            | VCCINT                       | VCCINT        |             |         |            |      |                     |                      |         |            |           |          |      |                  |              |                   |              |
| L9         |             | Dedicated  | VN_0                         | XADC          |             |       0 |            |      |                     |                      |         |            |           |          |      |                  |              |                   |              |
| L10        |             | Dedicated  | VREFP_0                      | XADC          |             |       0 |            |      |                     |                      |         |            |           |          |      |                  |              |                   |              |
| L11        |             |            | GND                          | GND           |             |         |            |      |                     |                      |     0.0 |            |           |          |      |                  |              |                   |              |
| L12        |             |            | VCCINT                       | VCCINT        |             |         |            |      |                     |                      |         |            |           |          |      |                  |              |                   |              |
| L13        |             |            | GND                          | GND           |             |         |            |      |                     |                      |     0.0 |            |           |          |      |                  |              |                   |              |
| L14        |             | High Range | IO_0_14                      | User IO       |             |      14 |            |      |                     |                      |         |            |           |          |      |                  |              |                   |              |
| L15        |             | High Range | IO_L6P_T0_FCS_B_14           | User IO       |             |      14 |            |      |                     |                      |         |            |           |          |      |                  |              |                   |              |
| L16        |             | High Range | VCCO_14                      | VCCO          |             |      14 |            |      |                     |                      |   any** |            |           |          |      |                  |              |                   |              |
| L17        |             | High Range | IO_L1N_T0_D01_DIN_14         | User IO       |             |      14 |            |      |                     |                      |         |            |           |          |      |                  |              |                   |              |
| L18        |             | High Range | IO_L4N_T0_D05_14             | User IO       |             |      14 |            |      |                     |                      |         |            |           |          |      |                  |              |                   |              |
| M1         |             | High Range | IO_L7N_T1_34                 | User IO       |             |      34 |            |      |                     |                      |         |            |           |          |      |                  |              |                   |              |
| M2         |             | High Range | IO_L7P_T1_34                 | User IO       |             |      34 |            |      |                     |                      |         |            |           |          |      |                  |              |                   |              |
| M3         |             | High Range | VCCO_34                      | VCCO          |             |      34 |            |      |                     |                      |    3.30 |            |           |          |      |                  |              |                   |              |
| M4         | D_IN[0]     | High Range | IO_L10P_T1_34                | INPUT         | LVCMOS33    |      34 |            |      |                     |                 NONE |         | FIXED      |           |          |      | NONE             |              |                   |              |
| M5         |             | High Range | IO_L6N_T0_VREF_34            | User IO       |             |      34 |            |      |                     |                      |         |            |           |          |      |                  |              |                   |              |
| M6         | CLK         | High Range | IO_L8P_T1_34                 | INPUT         | LVCMOS33    |      34 |            |      |                     |                 NONE |         | FIXED      |           |          |      | NONE             |              |                   |              |
| M7         |             |            | VCCINT                       | VCCINT        |             |         |            |      |                     |                      |         |            |           |          |      |                  |              |                   |              |
| M8         |             |            | GND                          | GND           |             |         |            |      |                     |                      |     0.0 |            |           |          |      |                  |              |                   |              |
| M9         |             | Dedicated  | DXN_0                        | Temp Sensor   |             |       0 |            |      |                     |                      |         |            |           |          |      |                  |              |                   |              |
| M10        |             | Dedicated  | DXP_0                        | Temp Sensor   |             |       0 |            |      |                     |                      |         |            |           |          |      |                  |              |                   |              |
| M11        |             |            | VCCINT                       | VCCINT        |             |         |            |      |                     |                      |         |            |           |          |      |                  |              |                   |              |
| M12        |             |            | GND                          | GND           |             |         |            |      |                     |                      |     0.0 |            |           |          |      |                  |              |                   |              |
| M13        |             |            | VCCAUX                       | VCCAUX        |             |         |            |      |                     |                      |    1.80 |            |           |          |      |                  |              |                   |              |
| M14        |             | High Range | IO_L8P_T1_D11_14             | User IO       |             |      14 |            |      |                     |                      |         |            |           |          |      |                  |              |                   |              |
| M15        |             | High Range | IO_L6N_T0_D08_VREF_14        | User IO       |             |      14 |            |      |                     |                      |         |            |           |          |      |                  |              |                   |              |
| M16        |             | High Range | IO_L7P_T1_D09_14             | User IO       |             |      14 |            |      |                     |                      |         |            |           |          |      |                  |              |                   |              |
| M17        |             | High Range | IO_L7N_T1_D10_14             | User IO       |             |      14 |            |      |                     |                      |         |            |           |          |      |                  |              |                   |              |
| M18        |             |            | GND                          | GND           |             |         |            |      |                     |                      |     0.0 |            |           |          |      |                  |              |                   |              |
| N1         |             | High Range | IO_L9P_T1_DQS_34             | User IO       |             |      34 |            |      |                     |                      |         |            |           |          |      |                  |              |                   |              |
| N2         | D_IN[3]     | High Range | IO_L11N_T1_SRCC_34           | INPUT         | LVCMOS33    |      34 |            |      |                     |                 NONE |         | FIXED      |           |          |      | NONE             |              |                   |              |
| N3         | D_IN[2]     | High Range | IO_L11P_T1_SRCC_34           | INPUT         | LVCMOS33    |      34 |            |      |                     |                 NONE |         | FIXED      |           |          |      | NONE             |              |                   |              |
| N4         | D_IN[1]     | High Range | IO_L10N_T1_34                | INPUT         | LVCMOS33    |      34 |            |      |                     |                 NONE |         | FIXED      |           |          |      | NONE             |              |                   |              |
| N5         |             |            | GND                          | GND           |             |         |            |      |                     |                      |     0.0 |            |           |          |      |                  |              |                   |              |
| N6         |             | High Range | IO_L8N_T1_34                 | User IO       |             |      34 |            |      |                     |                      |         |            |           |          |      |                  |              |                   |              |
| N7         |             |            | GND                          | GND           |             |         |            |      |                     |                      |     0.0 |            |           |          |      |                  |              |                   |              |
| N8         |             |            | VCCINT                       | VCCINT        |             |         |            |      |                     |                      |         |            |           |          |      |                  |              |                   |              |
| N9         |             |            | GND                          | GND           |             |         |            |      |                     |                      |     0.0 |            |           |          |      |                  |              |                   |              |
| N10        |             |            | VCCINT                       | VCCINT        |             |         |            |      |                     |                      |         |            |           |          |      |                  |              |                   |              |
| N11        |             |            | GND                          | GND           |             |         |            |      |                     |                      |     0.0 |            |           |          |      |                  |              |                   |              |
| N12        |             |            | VCCINT                       | VCCINT        |             |         |            |      |                     |                      |         |            |           |          |      |                  |              |                   |              |
| N13        |             |            | GND                          | GND           |             |         |            |      |                     |                      |     0.0 |            |           |          |      |                  |              |                   |              |
| N14        |             | High Range | IO_L8N_T1_D12_14             | User IO       |             |      14 |            |      |                     |                      |         |            |           |          |      |                  |              |                   |              |
| N15        |             |            | GND                          | GND           |             |         |            |      |                     |                      |     0.0 |            |           |          |      |                  |              |                   |              |
| N16        |             | High Range | IO_L9P_T1_DQS_14             | User IO       |             |      14 |            |      |                     |                      |         |            |           |          |      |                  |              |                   |              |
| N17        |             | High Range | IO_L9N_T1_DQS_D13_14         | User IO       |             |      14 |            |      |                     |                      |         |            |           |          |      |                  |              |                   |              |
| N18        |             | High Range | IO_L10P_T1_D14_14            | User IO       |             |      14 |            |      |                     |                      |         |            |           |          |      |                  |              |                   |              |
| P1         |             | High Range | IO_L9N_T1_DQS_34             | User IO       |             |      34 |            |      |                     |                      |         |            |           |          |      |                  |              |                   |              |
| P2         |             |            | GND                          | GND           |             |         |            |      |                     |                      |     0.0 |            |           |          |      |                  |              |                   |              |
| P3         | D_IN[5]     | High Range | IO_L12N_T1_MRCC_34           | INPUT         | LVCMOS33    |      34 |            |      |                     |                 NONE |         | FIXED      |           |          |      | NONE             |              |                   |              |
| P4         | D_IN[4]     | High Range | IO_L12P_T1_MRCC_34           | INPUT         | LVCMOS33    |      34 |            |      |                     |                 NONE |         | FIXED      |           |          |      | NONE             |              |                   |              |
| P5         |             | High Range | IO_L19N_T3_VREF_34           | User IO       |             |      34 |            |      |                     |                      |         |            |           |          |      |                  |              |                   |              |
| P6         |             | High Range | IO_L19P_T3_34                | User IO       |             |      34 |            |      |                     |                      |         |            |           |          |      |                  |              |                   |              |
| P7         |             | High Range | VCCO_34                      | VCCO          |             |      34 |            |      |                     |                      |    3.30 |            |           |          |      |                  |              |                   |              |
| P8         |             |            | GND                          | GND           |             |         |            |      |                     |                      |     0.0 |            |           |          |      |                  |              |                   |              |
| P9         |             |            | VCCINT                       | VCCINT        |             |         |            |      |                     |                      |         |            |           |          |      |                  |              |                   |              |
| P10        |             | Dedicated  | PROGRAM_B_0                  | Config        |             |       0 |            |      |                     |                      |         |            |           |          |      |                  |              |                   |              |
| P11        |             |            | VCCINT                       | VCCINT        |             |         |            |      |                     |                      |         |            |           |          |      |                  |              |                   |              |
| P12        |             |            | GND                          | GND           |             |         |            |      |                     |                      |     0.0 |            |           |          |      |                  |              |                   |              |
| P13        |             |            | VCCAUX                       | VCCAUX        |             |         |            |      |                     |                      |    1.80 |            |           |          |      |                  |              |                   |              |
| P14        |             | High Range | IO_L12P_T1_MRCC_14           | User IO       |             |      14 |            |      |                     |                      |         |            |           |          |      |                  |              |                   |              |
| P15        |             | High Range | IO_L11P_T1_SRCC_14           | User IO       |             |      14 |            |      |                     |                      |         |            |           |          |      |                  |              |                   |              |
| P16        |             | High Range | IO_L11N_T1_SRCC_14           | User IO       |             |      14 |            |      |                     |                      |         |            |           |          |      |                  |              |                   |              |
| P17        |             | High Range | VCCO_14                      | VCCO          |             |      14 |            |      |                     |                      |   any** |            |           |          |      |                  |              |                   |              |
| P18        |             | High Range | IO_L10N_T1_D15_14            | User IO       |             |      14 |            |      |                     |                      |         |            |           |          |      |                  |              |                   |              |
| R1         | D_IN[7]     | High Range | IO_L13N_T2_MRCC_34           | INPUT         | LVCMOS33    |      34 |            |      |                     |                 NONE |         | FIXED      |           |          |      | NONE             |              |                   |              |
| R2         | D_IN[6]     | High Range | IO_L13P_T2_MRCC_34           | INPUT         | LVCMOS33    |      34 |            |      |                     |                 NONE |         | FIXED      |           |          |      | NONE             |              |                   |              |
| R3         |             | High Range | IO_L14P_T2_SRCC_34           | User IO       |             |      34 |            |      |                     |                      |         |            |           |          |      |                  |              |                   |              |
| R4         |             | High Range | VCCO_34                      | VCCO          |             |      34 |            |      |                     |                      |    3.30 |            |           |          |      |                  |              |                   |              |
| R5         |             | High Range | IO_L21P_T3_DQS_34            | User IO       |             |      34 |            |      |                     |                      |         |            |           |          |      |                  |              |                   |              |
| R6         |             | High Range | IO_25_34                     | User IO       |             |      34 |            |      |                     |                      |         |            |           |          |      |                  |              |                   |              |
| R7         |             | High Range | IO_L22P_T3_34                | User IO       |             |      34 |            |      |                     |                      |         |            |           |          |      |                  |              |                   |              |
| R8         |             | Dedicated  | TMS_0                        | Config        |             |       0 |            |      |                     |                      |         |            |           |          |      |                  |              |                   |              |
| R9         |             |            | GND                          | GND           |             |         |            |      |                     |                      |     0.0 |            |           |          |      |                  |              |                   |              |
| R10        |             | Dedicated  | VCCO_0                       | VCCO          |             |       0 |            |      |                     |                      |    1.80 |            |           |          |      |                  |              |                   |              |
| R11        |             | Dedicated  | M1_0                         | Config        |             |       0 |            |      |                     |                      |         |            |           |          |      |                  |              |                   |              |
| R12        |             | Dedicated  | M0_0                         | Config        |             |       0 |            |      |                     |                      |         |            |           |          |      |                  |              |                   |              |
| R13        |             | High Range | IO_L19P_T3_A10_D26_14        | User IO       |             |      14 |            |      |                     |                      |         |            |           |          |      |                  |              |                   |              |
| R14        |             | High Range | VCCO_14                      | VCCO          |             |      14 |            |      |                     |                      |   any** |            |           |          |      |                  |              |                   |              |
| R15        |             | High Range | IO_L12N_T1_MRCC_14           | User IO       |             |      14 |            |      |                     |                      |         |            |           |          |      |                  |              |                   |              |
| R16        |             | High Range | IO_L14P_T2_SRCC_14           | User IO       |             |      14 |            |      |                     |                      |         |            |           |          |      |                  |              |                   |              |
| R17        |             | High Range | IO_L14N_T2_SRCC_14           | User IO       |             |      14 |            |      |                     |                      |         |            |           |          |      |                  |              |                   |              |
| R18        |             | High Range | IO_L15P_T2_DQS_RDWR_B_14     | User IO       |             |      14 |            |      |                     |                      |         |            |           |          |      |                  |              |                   |              |
| T1         |             | High Range | VCCO_34                      | VCCO          |             |      34 |            |      |                     |                      |    3.30 |            |           |          |      |                  |              |                   |              |
| T2         |             | High Range | IO_L14N_T2_SRCC_34           | User IO       |             |      34 |            |      |                     |                      |         |            |           |          |      |                  |              |                   |              |
| T3         |             | High Range | IO_L17N_T2_34                | User IO       |             |      34 |            |      |                     |                      |         |            |           |          |      |                  |              |                   |              |
| T4         |             | High Range | IO_L17P_T2_34                | User IO       |             |      34 |            |      |                     |                      |         |            |           |          |      |                  |              |                   |              |
| T5         |             | High Range | IO_L21N_T3_DQS_34            | User IO       |             |      34 |            |      |                     |                      |         |            |           |          |      |                  |              |                   |              |
| T6         |             |            | GND                          | GND           |             |         |            |      |                     |                      |     0.0 |            |           |          |      |                  |              |                   |              |
| T7         |             | High Range | IO_L22N_T3_34                | User IO       |             |      34 |            |      |                     |                      |         |            |           |          |      |                  |              |                   |              |
| T8         |             | Dedicated  | TDO_0                        | Config        |             |       0 |            |      |                     |                      |         |            |           |          |      |                  |              |                   |              |
| T9         |             | Dedicated  | TDI_0                        | Config        |             |       0 |            |      |                     |                      |         |            |           |          |      |                  |              |                   |              |
| T10        |             | Dedicated  | INIT_B_0                     | Config        |             |       0 |            |      |                     |                      |         |            |           |          |      |                  |              |                   |              |
| T11        |             | High Range | VCCO_14                      | VCCO          |             |      14 |            |      |                     |                      |   any** |            |           |          |      |                  |              |                   |              |
| T12        |             | High Range | IO_L22P_T3_A05_D21_14        | User IO       |             |      14 |            |      |                     |                      |         |            |           |          |      |                  |              |                   |              |
| T13        |             | High Range | IO_L19N_T3_A09_D25_VREF_14   | User IO       |             |      14 |            |      |                     |                      |         |            |           |          |      |                  |              |                   |              |
| T14        |             | High Range | IO_L13P_T2_MRCC_14           | User IO       |             |      14 |            |      |                     |                      |         |            |           |          |      |                  |              |                   |              |
| T15        |             | High Range | IO_L13N_T2_MRCC_14           | User IO       |             |      14 |            |      |                     |                      |         |            |           |          |      |                  |              |                   |              |
| T16        |             |            | GND                          | GND           |             |         |            |      |                     |                      |     0.0 |            |           |          |      |                  |              |                   |              |
| T17        |             | High Range | IO_L16P_T2_CSI_B_14          | User IO       |             |      14 |            |      |                     |                      |         |            |           |          |      |                  |              |                   |              |
| T18        |             | High Range | IO_L15N_T2_DQS_DOUT_CSO_B_14 | User IO       |             |      14 |            |      |                     |                      |         |            |           |          |      |                  |              |                   |              |
| U1         |             | High Range | IO_L15N_T2_DQS_34            | User IO       |             |      34 |            |      |                     |                      |         |            |           |          |      |                  |              |                   |              |
| U2         |             | High Range | IO_L15P_T2_DQS_34            | User IO       |             |      34 |            |      |                     |                      |         |            |           |          |      |                  |              |                   |              |
| U3         |             |            | GND                          | GND           |             |         |            |      |                     |                      |     0.0 |            |           |          |      |                  |              |                   |              |
| U4         |             | High Range | IO_L18P_T2_34                | User IO       |             |      34 |            |      |                     |                      |         |            |           |          |      |                  |              |                   |              |
| U5         |             | High Range | IO_L20N_T3_34                | User IO       |             |      34 |            |      |                     |                      |         |            |           |          |      |                  |              |                   |              |
| U6         |             | High Range | IO_L20P_T3_34                | User IO       |             |      34 |            |      |                     |                      |         |            |           |          |      |                  |              |                   |              |
| U7         |             | High Range | IO_L23P_T3_34                | User IO       |             |      34 |            |      |                     |                      |         |            |           |          |      |                  |              |                   |              |
| U8         |             | High Range | VCCO_14                      | VCCO          |             |      14 |            |      |                     |                      |   any** |            |           |          |      |                  |              |                   |              |
| U9         |             | High Range | IO_L24P_T3_A01_D17_14        | User IO       |             |      14 |            |      |                     |                      |         |            |           |          |      |                  |              |                   |              |
| U10        |             | High Range | IO_25_14                     | User IO       |             |      14 |            |      |                     |                      |         |            |           |          |      |                  |              |                   |              |
| U11        |             | High Range | IO_L23P_T3_A03_D19_14        | User IO       |             |      14 |            |      |                     |                      |         |            |           |          |      |                  |              |                   |              |
| U12        |             | High Range | IO_L22N_T3_A04_D20_14        | User IO       |             |      14 |            |      |                     |                      |         |            |           |          |      |                  |              |                   |              |
| U13        |             |            | GND                          | GND           |             |         |            |      |                     |                      |     0.0 |            |           |          |      |                  |              |                   |              |
| U14        |             | High Range | IO_L20P_T3_A08_D24_14        | User IO       |             |      14 |            |      |                     |                      |         |            |           |          |      |                  |              |                   |              |
| U15        |             | High Range | IO_L17P_T2_A14_D30_14        | User IO       |             |      14 |            |      |                     |                      |         |            |           |          |      |                  |              |                   |              |
| U16        |             | High Range | IO_L17N_T2_A13_D29_14        | User IO       |             |      14 |            |      |                     |                      |         |            |           |          |      |                  |              |                   |              |
| U17        |             | High Range | IO_L16N_T2_A15_D31_14        | User IO       |             |      14 |            |      |                     |                      |         |            |           |          |      |                  |              |                   |              |
| U18        |             | High Range | VCCO_14                      | VCCO          |             |      14 |            |      |                     |                      |   any** |            |           |          |      |                  |              |                   |              |
| V1         |             |            | GND                          | GND           |             |         |            |      |                     |                      |     0.0 |            |           |          |      |                  |              |                   |              |
| V2         |             | High Range | IO_L16N_T2_34                | User IO       |             |      34 |            |      |                     |                      |         |            |           |          |      |                  |              |                   |              |
| V3         |             | High Range | IO_L16P_T2_34                | User IO       |             |      34 |            |      |                     |                      |         |            |           |          |      |                  |              |                   |              |
| V4         |             | High Range | IO_L18N_T2_34                | User IO       |             |      34 |            |      |                     |                      |         |            |           |          |      |                  |              |                   |              |
| V5         |             | High Range | VCCO_34                      | VCCO          |             |      34 |            |      |                     |                      |    3.30 |            |           |          |      |                  |              |                   |              |
| V6         |             | High Range | IO_L23N_T3_34                | User IO       |             |      34 |            |      |                     |                      |         |            |           |          |      |                  |              |                   |              |
| V7         |             | High Range | IO_L24N_T3_34                | User IO       |             |      34 |            |      |                     |                      |         |            |           |          |      |                  |              |                   |              |
| V8         |             | High Range | IO_L24P_T3_34                | User IO       |             |      34 |            |      |                     |                      |         |            |           |          |      |                  |              |                   |              |
| V9         |             | High Range | IO_L24N_T3_A00_D16_14        | User IO       |             |      14 |            |      |                     |                      |         |            |           |          |      |                  |              |                   |              |
| V10        |             |            | GND                          | GND           |             |         |            |      |                     |                      |     0.0 |            |           |          |      |                  |              |                   |              |
| V11        |             | High Range | IO_L23N_T3_A02_D18_14        | User IO       |             |      14 |            |      |                     |                      |         |            |           |          |      |                  |              |                   |              |
| V12        |             | High Range | IO_L21P_T3_DQS_14            | User IO       |             |      14 |            |      |                     |                      |         |            |           |          |      |                  |              |                   |              |
| V13        |             | High Range | IO_L21N_T3_DQS_A06_D22_14    | User IO       |             |      14 |            |      |                     |                      |         |            |           |          |      |                  |              |                   |              |
| V14        |             | High Range | IO_L20N_T3_A07_D23_14        | User IO       |             |      14 |            |      |                     |                      |         |            |           |          |      |                  |              |                   |              |
| V15        |             | High Range | VCCO_14                      | VCCO          |             |      14 |            |      |                     |                      |   any** |            |           |          |      |                  |              |                   |              |
| V16        |             | High Range | IO_L18P_T2_A12_D28_14        | User IO       |             |      14 |            |      |                     |                      |         |            |           |          |      |                  |              |                   |              |
| V17        |             | High Range | IO_L18N_T2_A11_D27_14        | User IO       |             |      14 |            |      |                     |                      |         |            |           |          |      |                  |              |                   |              |
| V18        |             |            | GND                          | GND           |             |         |            |      |                     |                      |     0.0 |            |           |          |      |                  |              |                   |              |
+------------+-------------+------------+------------------------------+---------------+-------------+---------+------------+------+---------------------+----------------------+---------+------------+-----------+----------+------+------------------+--------------+-------------------+--------------+
* Default value
** Special VCCO requirements may apply. Please consult the device family datasheet for specific guideline on VCCO requirements.


