
*** Running vivado
    with args -log interpolator.vdi -applog -m64 -product Vivado -messageDb vivado.pb -mode batch -source interpolator.tcl -notrace


****** Vivado v2018.2 (64-bit)
  **** SW Build 2258646 on Thu Jun 14 20:02:38 MDT 2018
  **** IP Build 2256618 on Thu Jun 14 22:10:49 MDT 2018
    ** Copyright 1986-2018 Xilinx, Inc. All Rights Reserved.

source interpolator.tcl -notrace
Command: link_design -top interpolator -part xc7a50tcsg325-2L
Design is defaulting to srcset: sources_1
Design is defaulting to constrset: constrs_1
INFO: [Project 1-479] Netlist was created with Vivado 2018.2
INFO: [Device 21-403] Loading part xc7a50tcsg325-2L
INFO: [Project 1-570] Preparing netlist for logic optimization
Parsing XDC File [/home/bimbom/Desktop/reg_file/reg_file.srcs/constrs_1/imports/new/interpolator_8b_constraints.xdc]
Finished Parsing XDC File [/home/bimbom/Desktop/reg_file/reg_file.srcs/constrs_1/imports/new/interpolator_8b_constraints.xdc]
INFO: [Opt 31-138] Pushed 0 inverter(s) to 0 load pin(s).
INFO: [Project 1-111] Unisim Transformation Summary:
No Unisim elements were transformed.

5 Infos, 0 Warnings, 0 Critical Warnings and 0 Errors encountered.
link_design completed successfully
link_design: Time (s): cpu = 00:00:17 ; elapsed = 00:00:41 . Memory (MB): peak = 1450.195 ; gain = 265.797 ; free physical = 930 ; free virtual = 74411
Command: opt_design
Attempting to get a license for feature 'Implementation' and/or device 'xc7a50t'
INFO: [Common 17-349] Got license for feature 'Implementation' and/or device 'xc7a50t'
Running DRC as a precondition to command opt_design

Starting DRC Task
INFO: [DRC 23-27] Running DRC with 4 threads
INFO: [Project 1-461] DRC finished with 0 Errors
INFO: [Project 1-462] Please refer to the DRC report (report_drc) for more information.

Time (s): cpu = 00:00:02 ; elapsed = 00:00:03 . Memory (MB): peak = 1499.211 ; gain = 49.016 ; free physical = 913 ; free virtual = 74398

Starting Cache Timing Information Task
INFO: [Timing 38-35] Done setting XDC timing constraints.
Ending Cache Timing Information Task | Checksum: 18dbf36cb

Time (s): cpu = 00:00:24 ; elapsed = 00:00:49 . Memory (MB): peak = 1930.711 ; gain = 431.500 ; free physical = 509 ; free virtual = 74014

Starting Logic Optimization Task

Phase 1 Retarget
INFO: [Opt 31-138] Pushed 0 inverter(s) to 0 load pin(s).
INFO: [Opt 31-49] Retargeted 0 cell(s).
Phase 1 Retarget | Checksum: 18dbf36cb

Time (s): cpu = 00:00:00.02 ; elapsed = 00:00:00.03 . Memory (MB): peak = 1930.711 ; gain = 0.000 ; free physical = 519 ; free virtual = 74024
INFO: [Opt 31-389] Phase Retarget created 0 cells and removed 0 cells

Phase 2 Constant propagation
INFO: [Opt 31-138] Pushed 0 inverter(s) to 0 load pin(s).
Phase 2 Constant propagation | Checksum: 18dbf36cb

Time (s): cpu = 00:00:00.02 ; elapsed = 00:00:00.03 . Memory (MB): peak = 1930.711 ; gain = 0.000 ; free physical = 519 ; free virtual = 74024
INFO: [Opt 31-389] Phase Constant propagation created 0 cells and removed 0 cells

Phase 3 Sweep
Phase 3 Sweep | Checksum: 18dbf36cb

Time (s): cpu = 00:00:00.02 ; elapsed = 00:00:00.03 . Memory (MB): peak = 1930.711 ; gain = 0.000 ; free physical = 519 ; free virtual = 74024
INFO: [Opt 31-389] Phase Sweep created 0 cells and removed 0 cells

Phase 4 BUFG optimization
Phase 4 BUFG optimization | Checksum: 18dbf36cb

Time (s): cpu = 00:00:00.02 ; elapsed = 00:00:00.04 . Memory (MB): peak = 1930.711 ; gain = 0.000 ; free physical = 519 ; free virtual = 74024
INFO: [Opt 31-662] Phase BUFG optimization created 0 cells of which 0 are BUFGs and removed 0 cells.

Phase 5 Shift Register Optimization
Phase 5 Shift Register Optimization | Checksum: 18dbf36cb

Time (s): cpu = 00:00:00.02 ; elapsed = 00:00:00.05 . Memory (MB): peak = 1930.711 ; gain = 0.000 ; free physical = 519 ; free virtual = 74024
INFO: [Opt 31-389] Phase Shift Register Optimization created 0 cells and removed 0 cells

Phase 6 Post Processing Netlist
Phase 6 Post Processing Netlist | Checksum: 18dbf36cb

Time (s): cpu = 00:00:00.02 ; elapsed = 00:00:00.05 . Memory (MB): peak = 1930.711 ; gain = 0.000 ; free physical = 519 ; free virtual = 74024
INFO: [Opt 31-389] Phase Post Processing Netlist created 0 cells and removed 0 cells

Starting Connectivity Check Task

Time (s): cpu = 00:00:00 ; elapsed = 00:00:00 . Memory (MB): peak = 1930.711 ; gain = 0.000 ; free physical = 519 ; free virtual = 74024
Ending Logic Optimization Task | Checksum: 18dbf36cb

Time (s): cpu = 00:00:00.03 ; elapsed = 00:00:00.05 . Memory (MB): peak = 1930.711 ; gain = 0.000 ; free physical = 519 ; free virtual = 74024

Starting Power Optimization Task
INFO: [Pwropt 34-132] Skipping clock gating for clocks with a period < 2.00 ns.
Ending Power Optimization Task | Checksum: 18dbf36cb

Time (s): cpu = 00:00:00.04 ; elapsed = 00:00:00.08 . Memory (MB): peak = 1930.711 ; gain = 0.000 ; free physical = 519 ; free virtual = 74024

Starting Final Cleanup Task
Ending Final Cleanup Task | Checksum: 18dbf36cb

Time (s): cpu = 00:00:00 ; elapsed = 00:00:00 . Memory (MB): peak = 1930.711 ; gain = 0.000 ; free physical = 519 ; free virtual = 74024
INFO: [Common 17-83] Releasing license: Implementation
21 Infos, 0 Warnings, 0 Critical Warnings and 0 Errors encountered.
opt_design completed successfully
opt_design: Time (s): cpu = 00:00:27 ; elapsed = 00:00:53 . Memory (MB): peak = 1930.711 ; gain = 480.516 ; free physical = 519 ; free virtual = 74024
INFO: [Timing 38-480] Writing timing data to binary archive.
Writing placer database...
Writing XDEF routing.
Writing XDEF routing logical nets.
Writing XDEF routing special nets.
Write XDEF Complete: Time (s): cpu = 00:00:00.05 ; elapsed = 00:00:00.02 . Memory (MB): peak = 1962.727 ; gain = 0.000 ; free physical = 519 ; free virtual = 74024
INFO: [Common 17-1381] The checkpoint '/home/bimbom/Desktop/reg_file/reg_file.runs/impl_3/interpolator_opt.dcp' has been generated.
INFO: [runtcl-4] Executing : report_drc -file interpolator_drc_opted.rpt -pb interpolator_drc_opted.pb -rpx interpolator_drc_opted.rpx
Command: report_drc -file interpolator_drc_opted.rpt -pb interpolator_drc_opted.pb -rpx interpolator_drc_opted.rpx
INFO: [IP_Flow 19-234] Refreshing IP repositories
INFO: [IP_Flow 19-1704] No user IP repositories specified
INFO: [IP_Flow 19-2313] Loaded Vivado IP repository '/opt/Xilinx/Vivado/2018.2/data/ip'.
INFO: [DRC 23-27] Running DRC with 4 threads
INFO: [Coretcl 2-168] The results of DRC are in file /home/bimbom/Desktop/reg_file/reg_file.runs/impl_3/interpolator_drc_opted.rpt.
report_drc completed successfully
report_drc: Time (s): cpu = 00:00:07 ; elapsed = 00:00:10 . Memory (MB): peak = 2018.754 ; gain = 56.027 ; free physical = 445 ; free virtual = 73969
Command: place_design
Attempting to get a license for feature 'Implementation' and/or device 'xc7a50t'
INFO: [Common 17-349] Got license for feature 'Implementation' and/or device 'xc7a50t'
INFO: [DRC 23-27] Running DRC with 4 threads
INFO: [Vivado_Tcl 4-198] DRC finished with 0 Errors
INFO: [Vivado_Tcl 4-199] Please refer to the DRC report (report_drc) for more information.
Running DRC as a precondition to command place_design
INFO: [DRC 23-27] Running DRC with 4 threads
INFO: [Vivado_Tcl 4-198] DRC finished with 0 Errors
INFO: [Vivado_Tcl 4-199] Please refer to the DRC report (report_drc) for more information.

Starting Placer Task
INFO: [Place 30-611] Multithreading enabled for place_design using a maximum of 4 CPUs

Phase 1 Placer Initialization

Phase 1.1 Placer Initialization Netlist Sorting
Netlist sorting complete. Time (s): cpu = 00:00:00 ; elapsed = 00:00:00 . Memory (MB): peak = 2018.754 ; gain = 0.000 ; free physical = 432 ; free virtual = 73956
Phase 1.1 Placer Initialization Netlist Sorting | Checksum: e3e3458f

Time (s): cpu = 00:00:00.02 ; elapsed = 00:00:00.36 . Memory (MB): peak = 2018.754 ; gain = 0.000 ; free physical = 432 ; free virtual = 73956
Netlist sorting complete. Time (s): cpu = 00:00:00 ; elapsed = 00:00:00 . Memory (MB): peak = 2018.754 ; gain = 0.000 ; free physical = 432 ; free virtual = 73957

Phase 1.2 IO Placement/ Clock Placement/ Build Placer Device
INFO: [Timing 38-35] Done setting XDC timing constraints.
Phase 1.2 IO Placement/ Clock Placement/ Build Placer Device | Checksum: e3e3458f

Time (s): cpu = 00:00:00.92 ; elapsed = 00:00:01 . Memory (MB): peak = 2018.754 ; gain = 0.000 ; free physical = 432 ; free virtual = 73957

Phase 1.3 Build Placer Netlist Model
Phase 1.3 Build Placer Netlist Model | Checksum: 149728bce

Time (s): cpu = 00:00:00.98 ; elapsed = 00:00:01 . Memory (MB): peak = 2018.754 ; gain = 0.000 ; free physical = 427 ; free virtual = 73954

Phase 1.4 Constrain Clocks/Macros
Phase 1.4 Constrain Clocks/Macros | Checksum: 149728bce

Time (s): cpu = 00:00:00.98 ; elapsed = 00:00:01 . Memory (MB): peak = 2018.754 ; gain = 0.000 ; free physical = 427 ; free virtual = 73955
Phase 1 Placer Initialization | Checksum: 149728bce

Time (s): cpu = 00:00:00.98 ; elapsed = 00:00:01 . Memory (MB): peak = 2018.754 ; gain = 0.000 ; free physical = 427 ; free virtual = 73955

Phase 2 Final Placement Cleanup
Phase 2 Final Placement Cleanup | Checksum: 149728bce

Time (s): cpu = 00:00:00.98 ; elapsed = 00:00:01 . Memory (MB): peak = 2018.754 ; gain = 0.000 ; free physical = 427 ; free virtual = 73955
INFO: [Place 30-281] No place-able instance is found; design doesn't contain any instance or all instances are placed
Ending Placer Task | Checksum: e3e3458f

Time (s): cpu = 00:00:00.99 ; elapsed = 00:00:01 . Memory (MB): peak = 2018.754 ; gain = 0.000 ; free physical = 427 ; free virtual = 73955
INFO: [Common 17-83] Releasing license: Implementation
40 Infos, 0 Warnings, 0 Critical Warnings and 0 Errors encountered.
place_design completed successfully
INFO: [Timing 38-480] Writing timing data to binary archive.
Writing placer database...
Writing XDEF routing.
Writing XDEF routing logical nets.
Writing XDEF routing special nets.
Write XDEF Complete: Time (s): cpu = 00:00:00.04 ; elapsed = 00:00:00.03 . Memory (MB): peak = 2018.754 ; gain = 0.000 ; free physical = 427 ; free virtual = 73955
INFO: [Common 17-1381] The checkpoint '/home/bimbom/Desktop/reg_file/reg_file.runs/impl_3/interpolator_placed.dcp' has been generated.
INFO: [runtcl-4] Executing : report_io -file interpolator_io_placed.rpt
report_io: Time (s): cpu = 00:00:00.13 ; elapsed = 00:00:00.22 . Memory (MB): peak = 2018.754 ; gain = 0.000 ; free physical = 425 ; free virtual = 73952
INFO: [runtcl-4] Executing : report_utilization -file interpolator_utilization_placed.rpt -pb interpolator_utilization_placed.pb
report_utilization: Time (s): cpu = 00:00:00.07 ; elapsed = 00:00:00.13 . Memory (MB): peak = 2018.754 ; gain = 0.000 ; free physical = 423 ; free virtual = 73950
INFO: [runtcl-4] Executing : report_control_sets -verbose -file interpolator_control_sets_placed.rpt
report_control_sets: Time (s): cpu = 00:00:00.01 ; elapsed = 00:00:00.08 . Memory (MB): peak = 2018.754 ; gain = 0.000 ; free physical = 423 ; free virtual = 73950
Command: route_design
Attempting to get a license for feature 'Implementation' and/or device 'xc7a50t'
INFO: [Common 17-349] Got license for feature 'Implementation' and/or device 'xc7a50t'
Running DRC as a precondition to command route_design
INFO: [DRC 23-27] Running DRC with 4 threads
INFO: [Vivado_Tcl 4-198] DRC finished with 0 Errors
INFO: [Vivado_Tcl 4-199] Please refer to the DRC report (report_drc) for more information.


Starting Routing Task
INFO: [Route 35-254] Multithreading enabled for route_design using a maximum of 4 CPUs
Checksum: PlaceDB: 828b9002 ConstDB: 0 ShapeSum: 6157b58d RouteDB: 0

Phase 1 Build RT Design
Phase 1 Build RT Design | Checksum: c15d9efd

Time (s): cpu = 00:00:34 ; elapsed = 00:00:31 . Memory (MB): peak = 2064.039 ; gain = 45.285 ; free physical = 319 ; free virtual = 73851
Post Restoration Checksum: NetGraph: 30fdd8dd NumContArr: 905fc620 Constraints: 0 Timing: 0

Phase 2 Router Initialization

Phase 2.1 Create Timer
INFO: [Timing 38-35] Done setting XDC timing constraints.
Phase 2.1 Create Timer | Checksum: c15d9efd

Time (s): cpu = 00:00:34 ; elapsed = 00:00:31 . Memory (MB): peak = 2115.039 ; gain = 96.285 ; free physical = 319 ; free virtual = 73851

Phase 2.2 Fix Topology Constraints
Phase 2.2 Fix Topology Constraints | Checksum: c15d9efd

Time (s): cpu = 00:00:34 ; elapsed = 00:00:31 . Memory (MB): peak = 2115.039 ; gain = 96.285 ; free physical = 304 ; free virtual = 73837

Phase 2.3 Pre Route Cleanup
Phase 2.3 Pre Route Cleanup | Checksum: c15d9efd

Time (s): cpu = 00:00:34 ; elapsed = 00:00:31 . Memory (MB): peak = 2115.039 ; gain = 96.285 ; free physical = 304 ; free virtual = 73837
 Number of Nodes with overlaps = 0

Phase 2.4 Update Timing
Phase 2.4 Update Timing | Checksum: 80dbf45b

Time (s): cpu = 00:00:34 ; elapsed = 00:00:31 . Memory (MB): peak = 2119.039 ; gain = 100.285 ; free physical = 300 ; free virtual = 73833
Phase 2 Router Initialization | Checksum: 80dbf45b

Time (s): cpu = 00:00:34 ; elapsed = 00:00:31 . Memory (MB): peak = 2119.039 ; gain = 100.285 ; free physical = 300 ; free virtual = 73833

Phase 3 Initial Routing
 Number of Nodes with overlaps = 0
Phase 3 Initial Routing | Checksum: 80dbf45b

Time (s): cpu = 00:00:34 ; elapsed = 00:00:31 . Memory (MB): peak = 2119.039 ; gain = 100.285 ; free physical = 300 ; free virtual = 73833

Phase 4 Rip-up And Reroute

Phase 4.1 Global Iteration 0
Phase 4.1 Global Iteration 0 | Checksum: 80dbf45b

Time (s): cpu = 00:00:34 ; elapsed = 00:00:31 . Memory (MB): peak = 2119.039 ; gain = 100.285 ; free physical = 300 ; free virtual = 73833
Phase 4 Rip-up And Reroute | Checksum: 80dbf45b

Time (s): cpu = 00:00:34 ; elapsed = 00:00:31 . Memory (MB): peak = 2119.039 ; gain = 100.285 ; free physical = 300 ; free virtual = 73833

Phase 5 Delay and Skew Optimization

Phase 5.1 Delay CleanUp
Phase 5.1 Delay CleanUp | Checksum: 80dbf45b

Time (s): cpu = 00:00:34 ; elapsed = 00:00:31 . Memory (MB): peak = 2119.039 ; gain = 100.285 ; free physical = 300 ; free virtual = 73833

Phase 5.2 Clock Skew Optimization
Phase 5.2 Clock Skew Optimization | Checksum: 80dbf45b

Time (s): cpu = 00:00:34 ; elapsed = 00:00:31 . Memory (MB): peak = 2119.039 ; gain = 100.285 ; free physical = 300 ; free virtual = 73833
Phase 5 Delay and Skew Optimization | Checksum: 80dbf45b

Time (s): cpu = 00:00:34 ; elapsed = 00:00:31 . Memory (MB): peak = 2119.039 ; gain = 100.285 ; free physical = 300 ; free virtual = 73833

Phase 6 Post Hold Fix

Phase 6.1 Hold Fix Iter

Phase 6.1.1 Update Timing
Phase 6.1.1 Update Timing | Checksum: 80dbf45b

Time (s): cpu = 00:00:34 ; elapsed = 00:00:31 . Memory (MB): peak = 2119.039 ; gain = 100.285 ; free physical = 300 ; free virtual = 73833
Phase 6.1 Hold Fix Iter | Checksum: 80dbf45b

Time (s): cpu = 00:00:34 ; elapsed = 00:00:31 . Memory (MB): peak = 2119.039 ; gain = 100.285 ; free physical = 300 ; free virtual = 73833
Phase 6 Post Hold Fix | Checksum: 80dbf45b

Time (s): cpu = 00:00:34 ; elapsed = 00:00:31 . Memory (MB): peak = 2119.039 ; gain = 100.285 ; free physical = 300 ; free virtual = 73833

Phase 7 Route finalize

Router Utilization Summary
  Global Vertical Routing Utilization    = 0 %
  Global Horizontal Routing Utilization  = 0 %
  Routable Net Status*
  *Does not include unroutable nets such as driverless and loadless.
  Run report_route_status for detailed report.
  Number of Failed Nets               = 0
  Number of Unrouted Nets             = 0
  Number of Partially Routed Nets     = 0
  Number of Node Overlaps             = 0

Phase 7 Route finalize | Checksum: 80dbf45b

Time (s): cpu = 00:00:34 ; elapsed = 00:00:31 . Memory (MB): peak = 2119.039 ; gain = 100.285 ; free physical = 300 ; free virtual = 73833

Phase 8 Verifying routed nets

 Verification completed successfully
Phase 8 Verifying routed nets | Checksum: 80dbf45b

Time (s): cpu = 00:00:34 ; elapsed = 00:00:31 . Memory (MB): peak = 2121.039 ; gain = 102.285 ; free physical = 300 ; free virtual = 73833

Phase 9 Depositing Routes
Phase 9 Depositing Routes | Checksum: 80dbf45b

Time (s): cpu = 00:00:34 ; elapsed = 00:00:32 . Memory (MB): peak = 2121.039 ; gain = 102.285 ; free physical = 300 ; free virtual = 73833

Phase 10 Post Router Timing
Phase 10 Post Router Timing | Checksum: 80dbf45b

Time (s): cpu = 00:00:34 ; elapsed = 00:00:32 . Memory (MB): peak = 2121.039 ; gain = 102.285 ; free physical = 300 ; free virtual = 73833
INFO: [Route 35-16] Router Completed Successfully

Time (s): cpu = 00:00:34 ; elapsed = 00:00:32 . Memory (MB): peak = 2121.039 ; gain = 102.285 ; free physical = 300 ; free virtual = 73833

Routing Is Done.
INFO: [Common 17-83] Releasing license: Implementation
53 Infos, 0 Warnings, 0 Critical Warnings and 0 Errors encountered.
route_design completed successfully
route_design: Time (s): cpu = 00:00:37 ; elapsed = 00:00:35 . Memory (MB): peak = 2121.039 ; gain = 102.285 ; free physical = 300 ; free virtual = 73833
INFO: [Timing 38-480] Writing timing data to binary archive.
Writing placer database...
Writing XDEF routing.
Writing XDEF routing logical nets.
Writing XDEF routing special nets.
Write XDEF Complete: Time (s): cpu = 00:00:00.04 ; elapsed = 00:00:00.03 . Memory (MB): peak = 2129.043 ; gain = 0.000 ; free physical = 300 ; free virtual = 73834
INFO: [Common 17-1381] The checkpoint '/home/bimbom/Desktop/reg_file/reg_file.runs/impl_3/interpolator_routed.dcp' has been generated.
INFO: [runtcl-4] Executing : report_drc -file interpolator_drc_routed.rpt -pb interpolator_drc_routed.pb -rpx interpolator_drc_routed.rpx
Command: report_drc -file interpolator_drc_routed.rpt -pb interpolator_drc_routed.pb -rpx interpolator_drc_routed.rpx
INFO: [DRC 23-27] Running DRC with 4 threads
INFO: [Coretcl 2-168] The results of DRC are in file /home/bimbom/Desktop/reg_file/reg_file.runs/impl_3/interpolator_drc_routed.rpt.
report_drc completed successfully
INFO: [runtcl-4] Executing : report_methodology -file interpolator_methodology_drc_routed.rpt -pb interpolator_methodology_drc_routed.pb -rpx interpolator_methodology_drc_routed.rpx
Command: report_methodology -file interpolator_methodology_drc_routed.rpt -pb interpolator_methodology_drc_routed.pb -rpx interpolator_methodology_drc_routed.rpx
INFO: [Timing 38-35] Done setting XDC timing constraints.
INFO: [Timing 38-35] Done setting XDC timing constraints.
INFO: [DRC 23-133] Running Methodology with 4 threads
INFO: [Coretcl 2-1520] The results of Report Methodology are in file /home/bimbom/Desktop/reg_file/reg_file.runs/impl_3/interpolator_methodology_drc_routed.rpt.
report_methodology completed successfully
INFO: [runtcl-4] Executing : report_power -file interpolator_power_routed.rpt -pb interpolator_power_summary_routed.pb -rpx interpolator_power_routed.rpx
Command: report_power -file interpolator_power_routed.rpt -pb interpolator_power_summary_routed.pb -rpx interpolator_power_routed.rpx
INFO: [Timing 38-35] Done setting XDC timing constraints.
Running Vector-less Activity Propagation...

Finished Running Vector-less Activity Propagation
65 Infos, 0 Warnings, 0 Critical Warnings and 0 Errors encountered.
report_power completed successfully
INFO: [runtcl-4] Executing : report_route_status -file interpolator_route_status.rpt -pb interpolator_route_status.pb
INFO: [runtcl-4] Executing : report_timing_summary -max_paths 10 -file interpolator_timing_summary_routed.rpt -pb interpolator_timing_summary_routed.pb -rpx interpolator_timing_summary_routed.rpx -warn_on_violation 
INFO: [Timing 38-91] UpdateTimingParams: Speed grade: -2L, Delay Type: min_max, Timing Stage: Requireds.
INFO: [Timing 38-191] Multithreading enabled for timing update using a maximum of 4 CPUs
INFO: [runtcl-4] Executing : report_incremental_reuse -file interpolator_incremental_reuse_routed.rpt
INFO: [Vivado_Tcl 4-545] No incremental reuse to report, no incremental placement and routing data was found.
INFO: [runtcl-4] Executing : report_clock_utilization -file interpolator_clock_utilization_routed.rpt
INFO: [runtcl-4] Executing : report_bus_skew -warn_on_violation -file interpolator_bus_skew_routed.rpt -pb interpolator_bus_skew_routed.pb -rpx interpolator_bus_skew_routed.rpx
INFO: [Timing 38-91] UpdateTimingParams: Speed grade: -2L, Delay Type: min_max, Timing Stage: Requireds.
INFO: [Timing 38-191] Multithreading enabled for timing update using a maximum of 4 CPUs
INFO: [Common 17-206] Exiting Vivado at Wed Aug  7 16:51:53 2024...
